<?xml version="1.0" encoding="UTF-8"?>
<testsuite name="recipeapp.RecipeCreatorGenerationWorkflowTest" tests="1" skipped="0" failures="0" errors="0" timestamp="2023-04-15T00:20:06" hostname="beefy" time="1.199">
  <properties/>
  <testcase name="testTransfer" classname="recipeapp.RecipeCreatorGenerationWorkflowTest" time="1.199"/>
  <system-out><![CDATA[17:20:07.109 [Test worker] INFO  i.t.s.WorkflowServiceStubsImpl - Created WorkflowServiceStubs for channel: ManagedChannelOrphanWrapper{delegate=ManagedChannelImpl{logId=2, target=directaddress:///e4c10222-e068-4427-a062-e747a13b6871}}
17:20:07.113 [Test worker] INFO  i.t.s.TestServiceStubsImpl - Created TestServiceStubs for channel: ManagedChannelOrphanWrapper{delegate=ManagedChannelImpl{logId=2, target=directaddress:///e4c10222-e068-4427-a062-e747a13b6871}}
17:20:07.115 [Test worker] INFO  i.t.s.OperatorServiceStubsImpl - Created OperatorServiceStubs for channel: ManagedChannelOrphanWrapper{delegate=ManagedChannelImpl{logId=2, target=directaddress:///e4c10222-e068-4427-a062-e747a13b6871}}
17:20:07.594 [Test worker] INFO  io.temporal.internal.worker.Poller - start: Poller{name=Workflow Poller taskQueue="RECIPE_GENERATION_TASK_QUEUE", namespace="default", identity=90638@beefy}
17:20:07.597 [Test worker] INFO  io.temporal.internal.worker.Poller - start: Poller{name=Activity Poller taskQueue="RECIPE_GENERATION_TASK_QUEUE", namespace="default", identity=90638@beefy}
17:20:07.799 [Test worker] INFO  i.t.s.TestServiceStubsImpl - shutdownNow
17:20:07.799 [Test worker] INFO  i.t.s.OperatorServiceStubsImpl - shutdownNow
17:20:07.799 [Test worker] INFO  io.temporal.worker.WorkerFactory - shutdownNow: WorkerFactory{identity=90638@beefy}
17:20:07.800 [Test worker] INFO  io.temporal.internal.worker.Poller - shutdown: Poller{name=Workflow Poller taskQueue="RECIPE_GENERATION_TASK_QUEUE", namespace="default", identity=90638@beefy}
17:20:07.801 [Workflow Poller taskQueue="RECIPE_GENERATION_TASK_QUEUE", namespace="default": 4] INFO  io.temporal.internal.worker.Poller - poll loop is terminated: WorkflowPollTask
17:20:07.801 [Workflow Poller taskQueue="RECIPE_GENERATION_TASK_QUEUE", namespace="default": 2] INFO  io.temporal.internal.worker.Poller - poll loop is terminated: WorkflowPollTask
17:20:07.801 [Workflow Poller taskQueue="RECIPE_GENERATION_TASK_QUEUE", namespace="default": 1] INFO  io.temporal.internal.worker.Poller - poll loop is terminated: WorkflowPollTask
17:20:07.801 [Workflow Poller taskQueue="RECIPE_GENERATION_TASK_QUEUE", namespace="default": 5] INFO  io.temporal.internal.worker.Poller - poll loop is terminated: WorkflowPollTask
17:20:07.801 [Workflow Poller taskQueue="RECIPE_GENERATION_TASK_QUEUE", namespace="default": 3] INFO  io.temporal.internal.worker.Poller - poll loop is terminated: WorkflowPollTask
17:20:07.802 [Test worker] INFO  io.temporal.internal.worker.Poller - shutdown: Poller{name=Activity Poller taskQueue="RECIPE_GENERATION_TASK_QUEUE", namespace="default", identity=90638@beefy}
17:20:07.802 [Activity Poller taskQueue="RECIPE_GENERATION_TASK_QUEUE", namespace="default": 1] INFO  io.temporal.internal.worker.Poller - poll loop is terminated: ActivityPollTask
17:20:07.802 [Activity Poller taskQueue="RECIPE_GENERATION_TASK_QUEUE", namespace="default": 2] INFO  io.temporal.internal.worker.Poller - poll loop is terminated: ActivityPollTask
17:20:07.802 [Activity Poller taskQueue="RECIPE_GENERATION_TASK_QUEUE", namespace="default": 3] INFO  io.temporal.internal.worker.Poller - poll loop is terminated: ActivityPollTask
17:20:07.802 [Activity Poller taskQueue="RECIPE_GENERATION_TASK_QUEUE", namespace="default": 5] INFO  io.temporal.internal.worker.Poller - poll loop is terminated: ActivityPollTask
17:20:07.802 [Activity Poller taskQueue="RECIPE_GENERATION_TASK_QUEUE", namespace="default": 4] INFO  io.temporal.internal.worker.Poller - poll loop is terminated: ActivityPollTask
17:20:07.802 [Test worker] INFO  io.temporal.worker.WorkerFactory - awaitTermination begin: WorkerFactory{identity=90638@beefy}
17:20:08.057 [Test worker] INFO  io.temporal.worker.WorkerFactory - awaitTermination done: WorkerFactory{identity=90638@beefy}
17:20:08.058 [Test worker] INFO  i.t.s.WorkflowServiceStubsImpl - shutdownNow
17:20:08.060 [Test worker] INFO  io.temporal.testserver.TestServer - Shutting down in-process gRPC server
17:20:08.064 [Test worker] INFO  io.temporal.testserver.TestServer - Shutting down gRPC Services
]]></system-out>
  <system-err><![CDATA[]]></system-err>
</testsuite>
